<?xml version="1.0" encoding="UTF-8"?>
<testsuite xmlns:xsi="http://www.w3.org/2001/XMLSchema-instance" xsi:noNamespaceSchemaLocation="https://maven.apache.org/surefire/maven-surefire-plugin/xsd/surefire-test-report-3.0.xsd" version="3.0" name="no.hvl.dat110.broker.processing.tests.Test5Subscribe" time="12.106" tests="1" errors="0" skipped="0" failures="0">
  <properties>
[...]
</properties>
  <testcase name="test" classname="no.hvl.dat110.broker.processing.tests.Test5Subscribe" time="12.07">
    <system-out><![CDATA[Broker running
Dispatcher running
Dispatcher running
.Broker accept [0]
?
Message [type=CONNECT, user=client]
onConnect:Message [type=CONNECT, user=client]
onConnect:Message [type=CONNECT, user=client]
Broker stopping
ClientHandler-client running
?
CreateTopicMsg [topic=testtopic]Message [type=CREATETOPIC, user=client]
onCreateTopic:CreateTopicMsg [topic=testtopic]Message [type=CREATETOPIC, user=client]
Topic : 1
?
SubscribeMsg [topic=testtopic]Message [type=SUBSCRIBE, user=client]
onSubscribe:SubscribeMsg [topic=testtopic]Message [type=SUBSCRIBE, user=client]
Subscribers : testtopic : 1
?
UnsubscribeMsg [topic=testtopic]Message [type=UNSUBSCRIBE, user=client]
onUnsubscribe:UnsubscribeMsg [topic=testtopic]Message [type=UNSUBSCRIBE, user=client]
Subscribers : testtopic : 0
?
Message [type=DISCONNECT, user=client]
onDisconnect:Message [type=DISCONNECT, user=client]
ClientHandler-client stopping
Dispatcher stopping
]]></system-out>
  </testcase>
</testsuite>