<?xml version="1.0" encoding="UTF-8"?>
<testsuite xmlns:xsi="http://www.w3.org/2001/XMLSchema-instance" xsi:noNamespaceSchemaLocation="https://maven.apache.org/surefire/maven-surefire-plugin/xsd/surefire-test-report-3.0.xsd" version="3.0" name="no.hvl.dat110.iotsystem.tests.TestIoTSystem" time="25.106" tests="1" errors="0" skipped="0" failures="0">
  <properties>
[...]
</properties>
  <testcase name="test" classname="no.hvl.dat110.iotsystem.tests.TestIoTSystem" time="25.079">
    <system-out><![CDATA[IoT system starting ...
Starting broker ...
Broker server : 8080
Broker running
Dispatcher running
.Starting display ...
Display starting ...
Broker accept [0]
?
Message [type=CONNECT, user=display]
onConnect:Message [type=CONNECT, user=display]
onConnect:Message [type=CONNECT, user=display]
.ClientHandler-display running
?
CreateTopicMsg [topic=temperature]Message [type=CREATETOPIC, user=display]
onCreateTopic:CreateTopicMsg [topic=temperature]Message [type=CREATETOPIC, user=display]
Topic : 1
?
SubscribeMsg [topic=temperature]Message [type=SUBSCRIBE, user=display]
onSubscribe:SubscribeMsg [topic=temperature]Message [type=SUBSCRIBE, user=display]
Subscribers : temperature : 1
Starting sensor ...
Broker accept [0]
?
READING: 10
Message [type=CONNECT, user=temperaturesensor]
onConnect:Message [type=CONNECT, user=temperaturesensor]
onConnect:Message [type=CONNECT, user=temperaturesensor]
.ClientHandler-temperaturesensor running
?
PublishMsg [topic=temperature, message=10]Message [type=PUBLISH, user=temperaturesensor]
onPublish:PublishMsg [topic=temperature, message=10]Message [type=PUBLISH, user=temperaturesensor]
DISPLAY: 10
READING: 20
?
PublishMsg [topic=temperature, message=20]Message [type=PUBLISH, user=temperaturesensor]
onPublish:PublishMsg [topic=temperature, message=20]Message [type=PUBLISH, user=temperaturesensor]
DISPLAY: 20
READING: 13
?
PublishMsg [topic=temperature, message=13]Message [type=PUBLISH, user=temperaturesensor]
onPublish:PublishMsg [topic=temperature, message=13]Message [type=PUBLISH, user=temperaturesensor]
DISPLAY: 13
READING: -6
?
PublishMsg [topic=temperature, message=-6]Message [type=PUBLISH, user=temperaturesensor]
onPublish:PublishMsg [topic=temperature, message=-6]Message [type=PUBLISH, user=temperaturesensor]
DISPLAY: -6
READING: -19
?
PublishMsg [topic=temperature, message=-19]Message [type=PUBLISH, user=temperaturesensor]
onPublish:PublishMsg [topic=temperature, message=-19]Message [type=PUBLISH, user=temperaturesensor]
DISPLAY: -19
READING: -14
?
PublishMsg [topic=temperature, message=-14]Message [type=PUBLISH, user=temperaturesensor]
onPublish:PublishMsg [topic=temperature, message=-14]Message [type=PUBLISH, user=temperaturesensor]
DISPLAY: -14
READING: 5
?
PublishMsg [topic=temperature, message=5]Message [type=PUBLISH, user=temperaturesensor]
onPublish:PublishMsg [topic=temperature, message=5]Message [type=PUBLISH, user=temperaturesensor]
DISPLAY: 5
READING: 19
?
PublishMsg [topic=temperature, message=19]Message [type=PUBLISH, user=temperaturesensor]
onPublish:PublishMsg [topic=temperature, message=19]Message [type=PUBLISH, user=temperaturesensor]
DISPLAY: 19
READING: 17
?
PublishMsg [topic=temperature, message=17]Message [type=PUBLISH, user=temperaturesensor]
onPublish:PublishMsg [topic=temperature, message=17]Message [type=PUBLISH, user=temperaturesensor]
DISPLAY: 17
READING: -1
?
PublishMsg [topic=temperature, message=-1]Message [type=PUBLISH, user=temperaturesensor]
onPublish:PublishMsg [topic=temperature, message=-1]Message [type=PUBLISH, user=temperaturesensor]
DISPLAY: -1
Display stopping ... 
?
UnsubscribeMsg [topic=temperature]Message [type=UNSUBSCRIBE, user=display]
onUnsubscribe:UnsubscribeMsg [topic=temperature]Message [type=UNSUBSCRIBE, user=display]
Subscribers : temperature : 0
?
Message [type=DISCONNECT, user=display]
onDisconnect:Message [type=DISCONNECT, user=display]
ClientHandler-display stopping
Temperature device stopping ... 
?
Message [type=DISCONNECT, user=temperaturesensor]
onDisconnect:Message [type=DISCONNECT, user=temperaturesensor]
ClientHandler-temperaturesensor stopping
IoT system stopping ...
]]></system-out>
  </testcase>
</testsuite>